<?xml version="1.0" encoding="UTF-8"?>
<testsuite xmlns:xsi="http://www.w3.org/2001/XMLSchema-instance" xsi:noNamespaceSchemaLocation="https://maven.apache.org/surefire/maven-surefire-plugin/xsd/surefire-test-report-3.0.xsd" version="3.0" name="com.desafiowicket.TestHomePage" time="0.457" tests="1" errors="0" skipped="0" failures="0">
  <properties>
[...]
</properties>
  <testcase name="homepageRendersSuccessfully" classname="com.desafiowicket.TestHomePage" time="0.423">
    <system-out><![CDATA[10:03:47.309 [main] INFO  org.apache.wicket.Application - [WicketTesterApplication-68308878-4fcb-45fe-b7a5-9eed200756e1] init: Wicket core library initializer
10:03:47.311 [main] INFO  org.apache.wicket.Application - [WicketTesterApplication-68308878-4fcb-45fe-b7a5-9eed200756e1] init: Wicket extensions initializer
]]></system-out>
  </testcase>
</testsuite>